2025-05-22 16:36:02 ERROR com.example.Main - Invalid input: For input string: "A"
2025-05-22 16:37:28 INFO  com.example.Main - Exiting application
2025-05-22 16:37:28 INFO  com.example.Main - Application shutdown complete
2025-05-22 16:47:07 INFO  com.example.Main - User selected: Create User
2025-05-22 16:47:48 INFO  com.example.Main - User selected: Create User
2025-05-22 16:47:54 WARN  com.example.Main - Invalid email: s
2025-05-22 16:48:13 INFO  com.example.Main - User selected: Create User
2025-05-22 16:48:38 INFO  com.example.Main - User created: User{id=3, name='D', email='D@g.com', age=12, createdAt=2025-05-22T16:48:38.333688800}
2025-05-22 16:49:05 INFO  com.example.Main - User selected: Create User
2025-05-22 16:49:29 INFO  com.example.Main - User created: User{id=4, name='Dmitry', email='Dmitry@gmail.com', age=30, createdAt=2025-05-22T16:49:29.807030700}
2025-05-22 16:50:48 WARN  com.example.Main - Invalid choice: 1212
2025-05-22 16:51:05 INFO  com.example.Main - User selected: List All Users
2025-05-22 16:51:05 INFO  com.example.Main - Found 2 users
2025-05-22 16:51:36 INFO  com.example.Main - User selected: Delete User
2025-05-22 16:51:38 ERROR com.example.Main - Invalid ID input: For input string: "D"
2025-05-22 16:51:44 INFO  com.example.Main - User selected: List All Users
2025-05-22 16:51:44 INFO  com.example.Main - Found 2 users
2025-05-22 16:51:54 INFO  com.example.Main - User selected: Delete User
2025-05-22 16:52:01 ERROR com.example.Main - Invalid ID input: For input string: "D"
2025-05-22 16:52:21 INFO  com.example.Main - User selected: Delete User
2025-05-22 16:52:23 INFO  com.example.Main - User deleted with ID: 3
2025-05-22 17:02:25 INFO  com.example.dao.UserDaoImpl - Creating user: User{id=null, name='John', email='john@example.com', age=30, createdAt=2025-05-22T17:02:25.069829}
2025-05-22 17:02:25 INFO  com.example.dao.UserDaoImpl - User created successfully: User{id=5, name='John', email='john@example.com', age=30, createdAt=2025-05-22T17:02:25.069829}
2025-05-22 17:02:25 INFO  com.example.dao.UserDaoImpl - Creating user: User{id=null, name='Jane', email='john@example.com', age=25, createdAt=2025-05-22T17:02:25.069829}
